0 info it worked if it ends with ok
1 verbose cli [ 'node', '/usr/local/bin/npm', 'update', '-g', 'nodemon' ]
2 info using npm@1.4.28
3 info using node@v0.10.35
4 verbose request where is /nodemon
5 verbose request registry https://registry.npmjs.org/
6 verbose request id 92405012f02a5180
7 verbose url raw /nodemon
8 verbose url resolving [ 'https://registry.npmjs.org/', './nodemon' ]
9 verbose url resolved https://registry.npmjs.org/nodemon
10 verbose request where is https://registry.npmjs.org/nodemon
11 info trying registry request attempt 1 at 23:48:53
12 verbose etag "7XW4CLQNQOU0VB33CRUW2ICCH"
13 http GET https://registry.npmjs.org/nodemon
14 http 200 https://registry.npmjs.org/nodemon
15 silly registry.get cb [ 200,
15 silly registry.get   { date: 'Tue, 20 Jan 2015 04:48:53 GMT',
15 silly registry.get     server: 'CouchDB/1.5.0 (Erlang OTP/R16B03)',
15 silly registry.get     etag: '"DGBEECSKDJ05MQWQOVWS4ISSK"',
15 silly registry.get     'content-type': 'application/json',
15 silly registry.get     'cache-control': 'max-age=60',
15 silly registry.get     'content-length': '140029',
15 silly registry.get     'accept-ranges': 'bytes',
15 silly registry.get     via: '1.1 varnish',
15 silly registry.get     age: '0',
15 silly registry.get     'x-served-by': 'cache-dfw1823-DFW',
15 silly registry.get     'x-cache': 'HIT',
15 silly registry.get     'x-cache-hits': '1',
15 silly registry.get     'x-timer': 'S1421729333.826798,VS0,VE62',
15 silly registry.get     vary: 'Accept',
15 silly registry.get     'keep-alive': 'timeout=10, max=50',
15 silly registry.get     connection: 'Keep-Alive' } ]
16 info outdated updating [ [ '/usr/local/lib', 'nodemon', '1.2.1', '1.3.1', '1.3.1', 'latest' ] ]
17 verbose install where,what [ '/usr/local/lib', [ 'nodemon@1.3.1' ] ]
18 verbose cache add [ 'nodemon@1.3.1', null ]
19 verbose cache add name=undefined spec="nodemon@1.3.1" args=["nodemon@1.3.1",null]
20 verbose parsed url { protocol: null,
20 verbose parsed url   slashes: null,
20 verbose parsed url   auth: null,
20 verbose parsed url   host: null,
20 verbose parsed url   port: null,
20 verbose parsed url   hostname: null,
20 verbose parsed url   hash: null,
20 verbose parsed url   search: null,
20 verbose parsed url   query: null,
20 verbose parsed url   pathname: 'nodemon@1.3.1',
20 verbose parsed url   path: 'nodemon@1.3.1',
20 verbose parsed url   href: 'nodemon@1.3.1' }
21 verbose cache add name="nodemon" spec="1.3.1" args=["nodemon","1.3.1"]
22 verbose parsed url { protocol: null,
22 verbose parsed url   slashes: null,
22 verbose parsed url   auth: null,
22 verbose parsed url   host: null,
22 verbose parsed url   port: null,
22 verbose parsed url   hostname: null,
22 verbose parsed url   hash: null,
22 verbose parsed url   search: null,
22 verbose parsed url   query: null,
22 verbose parsed url   pathname: '1.3.1',
22 verbose parsed url   path: '1.3.1',
22 verbose parsed url   href: '1.3.1' }
23 verbose addNamed [ 'nodemon', '1.3.1' ]
24 verbose addNamed [ '1.3.1', '1.3.1' ]
25 silly lockFile 05cda281-nodemon-1-3-1 nodemon@1.3.1
26 verbose lock nodemon@1.3.1 /Users/macbookpro/.npm/05cda281-nodemon-1-3-1.lock
27 verbose request where is /nodemon
28 verbose request registry https://registry.npmjs.org/
29 verbose url raw /nodemon
30 verbose url resolving [ 'https://registry.npmjs.org/', './nodemon' ]
31 verbose url resolved https://registry.npmjs.org/nodemon
32 verbose request where is https://registry.npmjs.org/nodemon
33 info trying registry request attempt 1 at 23:49:15
34 verbose etag "DGBEECSKDJ05MQWQOVWS4ISSK"
35 http GET https://registry.npmjs.org/nodemon
36 http 304 https://registry.npmjs.org/nodemon
37 silly registry.get cb [ 304,
37 silly registry.get   { date: 'Tue, 20 Jan 2015 04:49:15 GMT',
37 silly registry.get     server: 'Apache',
37 silly registry.get     via: '1.1 varnish',
37 silly registry.get     'last-modified': 'Tue, 20 Jan 2015 04:49:15 GMT',
37 silly registry.get     'cache-control': 'max-age=60',
37 silly registry.get     etag: '"DGBEECSKDJ05MQWQOVWS4ISSK"',
37 silly registry.get     age: '22',
37 silly registry.get     'x-served-by': 'cache-dfw1831-DFW',
37 silly registry.get     'x-cache': 'HIT',
37 silly registry.get     'x-cache-hits': '1',
37 silly registry.get     'x-timer': 'S1421729355.514089,VS0,VE0',
37 silly registry.get     vary: 'Accept',
37 silly registry.get     'content-length': '0',
37 silly registry.get     'keep-alive': 'timeout=10, max=50',
37 silly registry.get     connection: 'Keep-Alive' } ]
38 verbose etag https://registry.npmjs.org/nodemon from cache
39 silly lockFile f5aa97c4-js-org-nodemon-nodemon-1-3-1-tgz https://registry.npmjs.org/nodemon/-/nodemon-1.3.1.tgz
40 verbose lock https://registry.npmjs.org/nodemon/-/nodemon-1.3.1.tgz /Users/macbookpro/.npm/f5aa97c4-js-org-nodemon-nodemon-1-3-1-tgz.lock
41 verbose addRemoteTarball [ 'https://registry.npmjs.org/nodemon/-/nodemon-1.3.1.tgz',
41 verbose addRemoteTarball   '17ed3de7d1d3cb37f8bebbc4b1b68dcde8d5c9df' ]
42 info retry fetch attempt 1 at 23:49:15
43 verbose fetch to= /var/folders/pm/9sj9vktd651f7hmhvg5yj4lc0000gp/T/npm-92731-o4r6QrTo/registry.npmjs.org/nodemon/-/nodemon-1.3.1.tgz
44 http GET https://registry.npmjs.org/nodemon/-/nodemon-1.3.1.tgz
45 http 200 https://registry.npmjs.org/nodemon/-/nodemon-1.3.1.tgz
46 silly lockFile f5aa97c4-js-org-nodemon-nodemon-1-3-1-tgz https://registry.npmjs.org/nodemon/-/nodemon-1.3.1.tgz
47 silly lockFile f5aa97c4-js-org-nodemon-nodemon-1-3-1-tgz https://registry.npmjs.org/nodemon/-/nodemon-1.3.1.tgz
48 silly lockFile 05cda281-nodemon-1-3-1 nodemon@1.3.1
49 silly lockFile 05cda281-nodemon-1-3-1 nodemon@1.3.1
50 error Error: EACCES, mkdir '/Users/macbookpro/.npm/nodemon/1.3.1'
50 error  { [Error: EACCES, mkdir '/Users/macbookpro/.npm/nodemon/1.3.1']
50 error   errno: 3,
50 error   code: 'EACCES',
50 error   path: '/Users/macbookpro/.npm/nodemon/1.3.1' }
51 error Please try running this command again as root/Administrator.
52 error System Darwin 14.0.0
53 error command "node" "/usr/local/bin/npm" "update" "-g" "nodemon"
54 error cwd /Users/macbookpro/Desktop/ond/OneDrive/ESL/node
55 error node -v v0.10.35
56 error npm -v 1.4.28
57 error path /Users/macbookpro/.npm/nodemon/1.3.1
58 error code EACCES
59 error errno 3
60 error stack Error: EACCES, mkdir '/Users/macbookpro/.npm/nodemon/1.3.1'
61 verbose exit [ 3, true ]
